[INFO]  [2018-05-17 14:08:47] [org.apache.spark.SparkContext]Running Spark version 2.0.2
[WARN]  [2018-05-17 14:08:47] [org.apache.hadoop.util.NativeCodeLoader]Unable to load native-hadoop library for your platform... using builtin-java classes where applicable
[ERROR]  [2018-05-17 14:08:48] [org.apache.hadoop.util.Shell]Failed to locate the winutils binary in the hadoop binary path
java.io.IOException: Could not locate executable null\bin\winutils.exe in the Hadoop binaries.
	at org.apache.hadoop.util.Shell.getQualifiedBinPath(Shell.java:355)
	at org.apache.hadoop.util.Shell.getWinUtilsPath(Shell.java:370)
	at org.apache.hadoop.util.Shell.<clinit>(Shell.java:363)
	at org.apache.hadoop.util.StringUtils.<clinit>(StringUtils.java:79)
	at org.apache.hadoop.security.Groups.parseStaticMapping(Groups.java:104)
	at org.apache.hadoop.security.Groups.<init>(Groups.java:86)
	at org.apache.hadoop.security.Groups.<init>(Groups.java:66)
	at org.apache.hadoop.security.Groups.getUserToGroupsMappingService(Groups.java:280)
	at org.apache.hadoop.security.UserGroupInformation.initialize(UserGroupInformation.java:271)
	at org.apache.hadoop.security.UserGroupInformation.ensureInitialized(UserGroupInformation.java:248)
	at org.apache.hadoop.security.UserGroupInformation.loginUserFromSubject(UserGroupInformation.java:763)
	at org.apache.hadoop.security.UserGroupInformation.getLoginUser(UserGroupInformation.java:748)
	at org.apache.hadoop.security.UserGroupInformation.getCurrentUser(UserGroupInformation.java:621)
	at org.apache.spark.util.Utils$$anonfun$getCurrentUserName$1.apply(Utils.scala:2345)
	at org.apache.spark.util.Utils$$anonfun$getCurrentUserName$1.apply(Utils.scala:2345)
	at scala.Option.getOrElse(Option.scala:121)
	at org.apache.spark.util.Utils$.getCurrentUserName(Utils.scala:2345)
	at org.apache.spark.SparkContext.<init>(SparkContext.scala:294)
	at org.apache.spark.api.java.JavaSparkContext.<init>(JavaSparkContext.scala:58)
	at WordCount.wordCount2(WordCount.java:117)
	at WordCount.main(WordCount.java:32)
[INFO]  [2018-05-17 14:08:48] [org.apache.spark.SecurityManager]Changing view acls to: Bruin,hadoop
[INFO]  [2018-05-17 14:08:48] [org.apache.spark.SecurityManager]Changing modify acls to: Bruin,hadoop
[INFO]  [2018-05-17 14:08:48] [org.apache.spark.SecurityManager]Changing view acls groups to: 
[INFO]  [2018-05-17 14:08:48] [org.apache.spark.SecurityManager]Changing modify acls groups to: 
[INFO]  [2018-05-17 14:08:48] [org.apache.spark.SecurityManager]SecurityManager: authentication disabled; ui acls disabled; users  with view permissions: Set(Bruin, hadoop); groups with view permissions: Set(); users  with modify permissions: Set(Bruin, hadoop); groups with modify permissions: Set()
[INFO]  [2018-05-17 14:08:49] [org.apache.spark.util.Utils]Successfully started service 'sparkDriver' on port 57058.
[INFO]  [2018-05-17 14:08:49] [org.apache.spark.SparkEnv]Registering MapOutputTracker
[INFO]  [2018-05-17 14:08:49] [org.apache.spark.SparkEnv]Registering BlockManagerMaster
[INFO]  [2018-05-17 14:08:49] [org.apache.spark.storage.DiskBlockManager]Created local directory at C:\Users\Bruin\AppData\Local\Temp\blockmgr-c697e386-1835-4e2c-9396-b343777872c8
[INFO]  [2018-05-17 14:08:49] [org.apache.spark.storage.memory.MemoryStore]MemoryStore started with capacity 901.8 MB
[INFO]  [2018-05-17 14:08:49] [org.apache.spark.SparkEnv]Registering OutputCommitCoordinator
[INFO]  [2018-05-17 14:08:49] [org.spark_project.jetty.util.log]Logging initialized @4677ms
[INFO]  [2018-05-17 14:08:49] [org.spark_project.jetty.server.Server]jetty-9.2.z-SNAPSHOT
[INFO]  [2018-05-17 14:08:49] [org.spark_project.jetty.server.handler.ContextHandler]Started o.s.j.s.ServletContextHandler@354fc8f0{/jobs,null,AVAILABLE}
[INFO]  [2018-05-17 14:08:49] [org.spark_project.jetty.server.handler.ContextHandler]Started o.s.j.s.ServletContextHandler@41813449{/jobs/json,null,AVAILABLE}
[INFO]  [2018-05-17 14:08:49] [org.spark_project.jetty.server.handler.ContextHandler]Started o.s.j.s.ServletContextHandler@4678a2eb{/jobs/job,null,AVAILABLE}
[INFO]  [2018-05-17 14:08:49] [org.spark_project.jetty.server.handler.ContextHandler]Started o.s.j.s.ServletContextHandler@5b43fbf6{/jobs/job/json,null,AVAILABLE}
[INFO]  [2018-05-17 14:08:49] [org.spark_project.jetty.server.handler.ContextHandler]Started o.s.j.s.ServletContextHandler@1080b026{/stages,null,AVAILABLE}
[INFO]  [2018-05-17 14:08:49] [org.spark_project.jetty.server.handler.ContextHandler]Started o.s.j.s.ServletContextHandler@58ebfd03{/stages/json,null,AVAILABLE}
[INFO]  [2018-05-17 14:08:49] [org.spark_project.jetty.server.handler.ContextHandler]Started o.s.j.s.ServletContextHandler@5b07730f{/stages/stage,null,AVAILABLE}
[INFO]  [2018-05-17 14:08:49] [org.spark_project.jetty.server.handler.ContextHandler]Started o.s.j.s.ServletContextHandler@1fdfafd2{/stages/stage/json,null,AVAILABLE}
[INFO]  [2018-05-17 14:08:49] [org.spark_project.jetty.server.handler.ContextHandler]Started o.s.j.s.ServletContextHandler@a4b2d8f{/stages/pool,null,AVAILABLE}
[INFO]  [2018-05-17 14:08:49] [org.spark_project.jetty.server.handler.ContextHandler]Started o.s.j.s.ServletContextHandler@dcfda20{/stages/pool/json,null,AVAILABLE}
[INFO]  [2018-05-17 14:08:49] [org.spark_project.jetty.server.handler.ContextHandler]Started o.s.j.s.ServletContextHandler@6d304f9d{/storage,null,AVAILABLE}
[INFO]  [2018-05-17 14:08:49] [org.spark_project.jetty.server.handler.ContextHandler]Started o.s.j.s.ServletContextHandler@f73dcd6{/storage/json,null,AVAILABLE}
[INFO]  [2018-05-17 14:08:49] [org.spark_project.jetty.server.handler.ContextHandler]Started o.s.j.s.ServletContextHandler@5c87bfe2{/storage/rdd,null,AVAILABLE}
[INFO]  [2018-05-17 14:08:49] [org.spark_project.jetty.server.handler.ContextHandler]Started o.s.j.s.ServletContextHandler@2fea7088{/storage/rdd/json,null,AVAILABLE}
[INFO]  [2018-05-17 14:08:49] [org.spark_project.jetty.server.handler.ContextHandler]Started o.s.j.s.ServletContextHandler@40499e4f{/environment,null,AVAILABLE}
[INFO]  [2018-05-17 14:08:49] [org.spark_project.jetty.server.handler.ContextHandler]Started o.s.j.s.ServletContextHandler@51cd7ffc{/environment/json,null,AVAILABLE}
[INFO]  [2018-05-17 14:08:49] [org.spark_project.jetty.server.handler.ContextHandler]Started o.s.j.s.ServletContextHandler@30d4b288{/executors,null,AVAILABLE}
[INFO]  [2018-05-17 14:08:49] [org.spark_project.jetty.server.handler.ContextHandler]Started o.s.j.s.ServletContextHandler@4cc6fa2a{/executors/json,null,AVAILABLE}
[INFO]  [2018-05-17 14:08:49] [org.spark_project.jetty.server.handler.ContextHandler]Started o.s.j.s.ServletContextHandler@40f1be1b{/executors/threadDump,null,AVAILABLE}
[INFO]  [2018-05-17 14:08:49] [org.spark_project.jetty.server.handler.ContextHandler]Started o.s.j.s.ServletContextHandler@7a791b66{/executors/threadDump/json,null,AVAILABLE}
[INFO]  [2018-05-17 14:08:49] [org.spark_project.jetty.server.handler.ContextHandler]Started o.s.j.s.ServletContextHandler@6f2cb653{/static,null,AVAILABLE}
[INFO]  [2018-05-17 14:08:49] [org.spark_project.jetty.server.handler.ContextHandler]Started o.s.j.s.ServletContextHandler@14c01636{/,null,AVAILABLE}
[INFO]  [2018-05-17 14:08:49] [org.spark_project.jetty.server.handler.ContextHandler]Started o.s.j.s.ServletContextHandler@590c73d3{/api,null,AVAILABLE}
[INFO]  [2018-05-17 14:08:49] [org.spark_project.jetty.server.handler.ContextHandler]Started o.s.j.s.ServletContextHandler@6b9ce1bf{/stages/stage/kill,null,AVAILABLE}
[WARN]  [2018-05-17 14:08:49] [org.spark_project.jetty.util.component.AbstractLifeCycle]FAILED ServerConnector@62dae540{HTTP/1.1}{0.0.0.0:4040}: java.net.BindException: Address already in use: bind
java.net.BindException: Address already in use: bind
	at sun.nio.ch.Net.bind0(Native Method)
	at sun.nio.ch.Net.bind(Net.java:433)
	at sun.nio.ch.Net.bind(Net.java:425)
	at sun.nio.ch.ServerSocketChannelImpl.bind(ServerSocketChannelImpl.java:223)
	at sun.nio.ch.ServerSocketAdaptor.bind(ServerSocketAdaptor.java:74)
	at org.spark_project.jetty.server.ServerConnector.open(ServerConnector.java:321)
	at org.spark_project.jetty.server.AbstractNetworkConnector.doStart(AbstractNetworkConnector.java:80)
	at org.spark_project.jetty.server.ServerConnector.doStart(ServerConnector.java:236)
	at org.spark_project.jetty.util.component.AbstractLifeCycle.start(AbstractLifeCycle.java:68)
	at org.spark_project.jetty.server.Server.doStart(Server.java:366)
	at org.spark_project.jetty.util.component.AbstractLifeCycle.start(AbstractLifeCycle.java:68)
	at org.apache.spark.ui.JettyUtils$.org$apache$spark$ui$JettyUtils$$connect$1(JettyUtils.scala:306)
	at org.apache.spark.ui.JettyUtils$$anonfun$5.apply(JettyUtils.scala:316)
	at org.apache.spark.ui.JettyUtils$$anonfun$5.apply(JettyUtils.scala:316)
	at org.apache.spark.util.Utils$$anonfun$startServiceOnPort$1.apply$mcVI$sp(Utils.scala:2171)
	at scala.collection.immutable.Range.foreach$mVc$sp(Range.scala:160)
	at org.apache.spark.util.Utils$.startServiceOnPort(Utils.scala:2162)
	at org.apache.spark.ui.JettyUtils$.startJettyServer(JettyUtils.scala:316)
	at org.apache.spark.ui.WebUI.bind(WebUI.scala:139)
	at org.apache.spark.SparkContext$$anonfun$10.apply(SparkContext.scala:448)
	at org.apache.spark.SparkContext$$anonfun$10.apply(SparkContext.scala:448)
	at scala.Option.foreach(Option.scala:257)
	at org.apache.spark.SparkContext.<init>(SparkContext.scala:448)
	at org.apache.spark.api.java.JavaSparkContext.<init>(JavaSparkContext.scala:58)
	at WordCount.wordCount2(WordCount.java:117)
	at WordCount.main(WordCount.java:32)
[WARN]  [2018-05-17 14:08:49] [org.spark_project.jetty.util.component.AbstractLifeCycle]FAILED org.spark_project.jetty.server.Server@654d8173: java.net.BindException: Address already in use: bind
java.net.BindException: Address already in use: bind
	at sun.nio.ch.Net.bind0(Native Method)
	at sun.nio.ch.Net.bind(Net.java:433)
	at sun.nio.ch.Net.bind(Net.java:425)
	at sun.nio.ch.ServerSocketChannelImpl.bind(ServerSocketChannelImpl.java:223)
	at sun.nio.ch.ServerSocketAdaptor.bind(ServerSocketAdaptor.java:74)
	at org.spark_project.jetty.server.ServerConnector.open(ServerConnector.java:321)
	at org.spark_project.jetty.server.AbstractNetworkConnector.doStart(AbstractNetworkConnector.java:80)
	at org.spark_project.jetty.server.ServerConnector.doStart(ServerConnector.java:236)
	at org.spark_project.jetty.util.component.AbstractLifeCycle.start(AbstractLifeCycle.java:68)
	at org.spark_project.jetty.server.Server.doStart(Server.java:366)
	at org.spark_project.jetty.util.component.AbstractLifeCycle.start(AbstractLifeCycle.java:68)
	at org.apache.spark.ui.JettyUtils$.org$apache$spark$ui$JettyUtils$$connect$1(JettyUtils.scala:306)
	at org.apache.spark.ui.JettyUtils$$anonfun$5.apply(JettyUtils.scala:316)
	at org.apache.spark.ui.JettyUtils$$anonfun$5.apply(JettyUtils.scala:316)
	at org.apache.spark.util.Utils$$anonfun$startServiceOnPort$1.apply$mcVI$sp(Utils.scala:2171)
	at scala.collection.immutable.Range.foreach$mVc$sp(Range.scala:160)
	at org.apache.spark.util.Utils$.startServiceOnPort(Utils.scala:2162)
	at org.apache.spark.ui.JettyUtils$.startJettyServer(JettyUtils.scala:316)
	at org.apache.spark.ui.WebUI.bind(WebUI.scala:139)
	at org.apache.spark.SparkContext$$anonfun$10.apply(SparkContext.scala:448)
	at org.apache.spark.SparkContext$$anonfun$10.apply(SparkContext.scala:448)
	at scala.Option.foreach(Option.scala:257)
	at org.apache.spark.SparkContext.<init>(SparkContext.scala:448)
	at org.apache.spark.api.java.JavaSparkContext.<init>(JavaSparkContext.scala:58)
	at WordCount.wordCount2(WordCount.java:117)
	at WordCount.main(WordCount.java:32)
[INFO]  [2018-05-17 14:08:49] [org.spark_project.jetty.server.ServerConnector]Stopped ServerConnector@62dae540{HTTP/1.1}{0.0.0.0:4040}
[INFO]  [2018-05-17 14:08:49] [org.spark_project.jetty.server.handler.ContextHandler]Stopped o.s.j.s.ServletContextHandler@6b9ce1bf{/stages/stage/kill,null,UNAVAILABLE}
[INFO]  [2018-05-17 14:08:49] [org.spark_project.jetty.server.handler.ContextHandler]Stopped o.s.j.s.ServletContextHandler@590c73d3{/api,null,UNAVAILABLE}
[INFO]  [2018-05-17 14:08:49] [org.spark_project.jetty.server.handler.ContextHandler]Stopped o.s.j.s.ServletContextHandler@14c01636{/,null,UNAVAILABLE}
[INFO]  [2018-05-17 14:08:49] [org.spark_project.jetty.server.handler.ContextHandler]Stopped o.s.j.s.ServletContextHandler@6f2cb653{/static,null,UNAVAILABLE}
[INFO]  [2018-05-17 14:08:49] [org.spark_project.jetty.server.handler.ContextHandler]Stopped o.s.j.s.ServletContextHandler@7a791b66{/executors/threadDump/json,null,UNAVAILABLE}
[INFO]  [2018-05-17 14:08:49] [org.spark_project.jetty.server.handler.ContextHandler]Stopped o.s.j.s.ServletContextHandler@40f1be1b{/executors/threadDump,null,UNAVAILABLE}
[INFO]  [2018-05-17 14:08:49] [org.spark_project.jetty.server.handler.ContextHandler]Stopped o.s.j.s.ServletContextHandler@4cc6fa2a{/executors/json,null,UNAVAILABLE}
[INFO]  [2018-05-17 14:08:49] [org.spark_project.jetty.server.handler.ContextHandler]Stopped o.s.j.s.ServletContextHandler@30d4b288{/executors,null,UNAVAILABLE}
[INFO]  [2018-05-17 14:08:49] [org.spark_project.jetty.server.handler.ContextHandler]Stopped o.s.j.s.ServletContextHandler@51cd7ffc{/environment/json,null,UNAVAILABLE}
[INFO]  [2018-05-17 14:08:49] [org.spark_project.jetty.server.handler.ContextHandler]Stopped o.s.j.s.ServletContextHandler@40499e4f{/environment,null,UNAVAILABLE}
[INFO]  [2018-05-17 14:08:49] [org.spark_project.jetty.server.handler.ContextHandler]Stopped o.s.j.s.ServletContextHandler@2fea7088{/storage/rdd/json,null,UNAVAILABLE}
[INFO]  [2018-05-17 14:08:49] [org.spark_project.jetty.server.handler.ContextHandler]Stopped o.s.j.s.ServletContextHandler@5c87bfe2{/storage/rdd,null,UNAVAILABLE}
[INFO]  [2018-05-17 14:08:49] [org.spark_project.jetty.server.handler.ContextHandler]Stopped o.s.j.s.ServletContextHandler@f73dcd6{/storage/json,null,UNAVAILABLE}
[INFO]  [2018-05-17 14:08:49] [org.spark_project.jetty.server.handler.ContextHandler]Stopped o.s.j.s.ServletContextHandler@6d304f9d{/storage,null,UNAVAILABLE}
[INFO]  [2018-05-17 14:08:49] [org.spark_project.jetty.server.handler.ContextHandler]Stopped o.s.j.s.ServletContextHandler@dcfda20{/stages/pool/json,null,UNAVAILABLE}
[INFO]  [2018-05-17 14:08:49] [org.spark_project.jetty.server.handler.ContextHandler]Stopped o.s.j.s.ServletContextHandler@a4b2d8f{/stages/pool,null,UNAVAILABLE}
[INFO]  [2018-05-17 14:08:49] [org.spark_project.jetty.server.handler.ContextHandler]Stopped o.s.j.s.ServletContextHandler@1fdfafd2{/stages/stage/json,null,UNAVAILABLE}
[INFO]  [2018-05-17 14:08:49] [org.spark_project.jetty.server.handler.ContextHandler]Stopped o.s.j.s.ServletContextHandler@5b07730f{/stages/stage,null,UNAVAILABLE}
[INFO]  [2018-05-17 14:08:49] [org.spark_project.jetty.server.handler.ContextHandler]Stopped o.s.j.s.ServletContextHandler@58ebfd03{/stages/json,null,UNAVAILABLE}
[INFO]  [2018-05-17 14:08:49] [org.spark_project.jetty.server.handler.ContextHandler]Stopped o.s.j.s.ServletContextHandler@1080b026{/stages,null,UNAVAILABLE}
[INFO]  [2018-05-17 14:08:49] [org.spark_project.jetty.server.handler.ContextHandler]Stopped o.s.j.s.ServletContextHandler@5b43fbf6{/jobs/job/json,null,UNAVAILABLE}
[INFO]  [2018-05-17 14:08:49] [org.spark_project.jetty.server.handler.ContextHandler]Stopped o.s.j.s.ServletContextHandler@4678a2eb{/jobs/job,null,UNAVAILABLE}
[INFO]  [2018-05-17 14:08:49] [org.spark_project.jetty.server.handler.ContextHandler]Stopped o.s.j.s.ServletContextHandler@41813449{/jobs/json,null,UNAVAILABLE}
[INFO]  [2018-05-17 14:08:49] [org.spark_project.jetty.server.handler.ContextHandler]Stopped o.s.j.s.ServletContextHandler@354fc8f0{/jobs,null,UNAVAILABLE}
[WARN]  [2018-05-17 14:08:49] [org.apache.spark.util.Utils]Service 'SparkUI' could not bind on port 4040. Attempting port 4041.
[INFO]  [2018-05-17 14:08:49] [org.spark_project.jetty.server.Server]jetty-9.2.z-SNAPSHOT
[INFO]  [2018-05-17 14:08:49] [org.spark_project.jetty.server.handler.ContextHandler]Started o.s.j.s.ServletContextHandler@354fc8f0{/jobs,null,AVAILABLE}
[INFO]  [2018-05-17 14:08:49] [org.spark_project.jetty.server.handler.ContextHandler]Started o.s.j.s.ServletContextHandler@41813449{/jobs/json,null,AVAILABLE}
[INFO]  [2018-05-17 14:08:49] [org.spark_project.jetty.server.handler.ContextHandler]Started o.s.j.s.ServletContextHandler@4678a2eb{/jobs/job,null,AVAILABLE}
[INFO]  [2018-05-17 14:08:49] [org.spark_project.jetty.server.handler.ContextHandler]Started o.s.j.s.ServletContextHandler@5b43fbf6{/jobs/job/json,null,AVAILABLE}
[INFO]  [2018-05-17 14:08:49] [org.spark_project.jetty.server.handler.ContextHandler]Started o.s.j.s.ServletContextHandler@1080b026{/stages,null,AVAILABLE}
[INFO]  [2018-05-17 14:08:49] [org.spark_project.jetty.server.handler.ContextHandler]Started o.s.j.s.ServletContextHandler@58ebfd03{/stages/json,null,AVAILABLE}
[INFO]  [2018-05-17 14:08:49] [org.spark_project.jetty.server.handler.ContextHandler]Started o.s.j.s.ServletContextHandler@5b07730f{/stages/stage,null,AVAILABLE}
[INFO]  [2018-05-17 14:08:49] [org.spark_project.jetty.server.handler.ContextHandler]Started o.s.j.s.ServletContextHandler@1fdfafd2{/stages/stage/json,null,AVAILABLE}
[INFO]  [2018-05-17 14:08:49] [org.spark_project.jetty.server.handler.ContextHandler]Started o.s.j.s.ServletContextHandler@a4b2d8f{/stages/pool,null,AVAILABLE}
[INFO]  [2018-05-17 14:08:49] [org.spark_project.jetty.server.handler.ContextHandler]Started o.s.j.s.ServletContextHandler@dcfda20{/stages/pool/json,null,AVAILABLE}
[INFO]  [2018-05-17 14:08:49] [org.spark_project.jetty.server.handler.ContextHandler]Started o.s.j.s.ServletContextHandler@6d304f9d{/storage,null,AVAILABLE}
[INFO]  [2018-05-17 14:08:49] [org.spark_project.jetty.server.handler.ContextHandler]Started o.s.j.s.ServletContextHandler@f73dcd6{/storage/json,null,AVAILABLE}
[INFO]  [2018-05-17 14:08:49] [org.spark_project.jetty.server.handler.ContextHandler]Started o.s.j.s.ServletContextHandler@5c87bfe2{/storage/rdd,null,AVAILABLE}
[INFO]  [2018-05-17 14:08:49] [org.spark_project.jetty.server.handler.ContextHandler]Started o.s.j.s.ServletContextHandler@2fea7088{/storage/rdd/json,null,AVAILABLE}
[INFO]  [2018-05-17 14:08:49] [org.spark_project.jetty.server.handler.ContextHandler]Started o.s.j.s.ServletContextHandler@40499e4f{/environment,null,AVAILABLE}
[INFO]  [2018-05-17 14:08:49] [org.spark_project.jetty.server.handler.ContextHandler]Started o.s.j.s.ServletContextHandler@51cd7ffc{/environment/json,null,AVAILABLE}
[INFO]  [2018-05-17 14:08:49] [org.spark_project.jetty.server.handler.ContextHandler]Started o.s.j.s.ServletContextHandler@30d4b288{/executors,null,AVAILABLE}
[INFO]  [2018-05-17 14:08:49] [org.spark_project.jetty.server.handler.ContextHandler]Started o.s.j.s.ServletContextHandler@4cc6fa2a{/executors/json,null,AVAILABLE}
[INFO]  [2018-05-17 14:08:49] [org.spark_project.jetty.server.handler.ContextHandler]Started o.s.j.s.ServletContextHandler@40f1be1b{/executors/threadDump,null,AVAILABLE}
[INFO]  [2018-05-17 14:08:49] [org.spark_project.jetty.server.handler.ContextHandler]Started o.s.j.s.ServletContextHandler@7a791b66{/executors/threadDump/json,null,AVAILABLE}
[INFO]  [2018-05-17 14:08:49] [org.spark_project.jetty.server.handler.ContextHandler]Started o.s.j.s.ServletContextHandler@6f2cb653{/static,null,AVAILABLE}
[INFO]  [2018-05-17 14:08:49] [org.spark_project.jetty.server.handler.ContextHandler]Started o.s.j.s.ServletContextHandler@14c01636{/,null,AVAILABLE}
[INFO]  [2018-05-17 14:08:49] [org.spark_project.jetty.server.handler.ContextHandler]Started o.s.j.s.ServletContextHandler@590c73d3{/api,null,AVAILABLE}
[INFO]  [2018-05-17 14:08:49] [org.spark_project.jetty.server.handler.ContextHandler]Started o.s.j.s.ServletContextHandler@6b9ce1bf{/stages/stage/kill,null,AVAILABLE}
[WARN]  [2018-05-17 14:08:49] [org.spark_project.jetty.util.component.AbstractLifeCycle]FAILED ServerConnector@150ab4ed{HTTP/1.1}{0.0.0.0:4041}: java.net.BindException: Address already in use: bind
java.net.BindException: Address already in use: bind
	at sun.nio.ch.Net.bind0(Native Method)
	at sun.nio.ch.Net.bind(Net.java:433)
	at sun.nio.ch.Net.bind(Net.java:425)
	at sun.nio.ch.ServerSocketChannelImpl.bind(ServerSocketChannelImpl.java:223)
	at sun.nio.ch.ServerSocketAdaptor.bind(ServerSocketAdaptor.java:74)
	at org.spark_project.jetty.server.ServerConnector.open(ServerConnector.java:321)
	at org.spark_project.jetty.server.AbstractNetworkConnector.doStart(AbstractNetworkConnector.java:80)
	at org.spark_project.jetty.server.ServerConnector.doStart(ServerConnector.java:236)
	at org.spark_project.jetty.util.component.AbstractLifeCycle.start(AbstractLifeCycle.java:68)
	at org.spark_project.jetty.server.Server.doStart(Server.java:366)
	at org.spark_project.jetty.util.component.AbstractLifeCycle.start(AbstractLifeCycle.java:68)
	at org.apache.spark.ui.JettyUtils$.org$apache$spark$ui$JettyUtils$$connect$1(JettyUtils.scala:306)
	at org.apache.spark.ui.JettyUtils$$anonfun$5.apply(JettyUtils.scala:316)
	at org.apache.spark.ui.JettyUtils$$anonfun$5.apply(JettyUtils.scala:316)
	at org.apache.spark.util.Utils$$anonfun$startServiceOnPort$1.apply$mcVI$sp(Utils.scala:2171)
	at scala.collection.immutable.Range.foreach$mVc$sp(Range.scala:160)
	at org.apache.spark.util.Utils$.startServiceOnPort(Utils.scala:2162)
	at org.apache.spark.ui.JettyUtils$.startJettyServer(JettyUtils.scala:316)
	at org.apache.spark.ui.WebUI.bind(WebUI.scala:139)
	at org.apache.spark.SparkContext$$anonfun$10.apply(SparkContext.scala:448)
	at org.apache.spark.SparkContext$$anonfun$10.apply(SparkContext.scala:448)
	at scala.Option.foreach(Option.scala:257)
	at org.apache.spark.SparkContext.<init>(SparkContext.scala:448)
	at org.apache.spark.api.java.JavaSparkContext.<init>(JavaSparkContext.scala:58)
	at WordCount.wordCount2(WordCount.java:117)
	at WordCount.main(WordCount.java:32)
[WARN]  [2018-05-17 14:08:49] [org.spark_project.jetty.util.component.AbstractLifeCycle]FAILED org.spark_project.jetty.server.Server@50fe837a: java.net.BindException: Address already in use: bind
java.net.BindException: Address already in use: bind
	at sun.nio.ch.Net.bind0(Native Method)
	at sun.nio.ch.Net.bind(Net.java:433)
	at sun.nio.ch.Net.bind(Net.java:425)
	at sun.nio.ch.ServerSocketChannelImpl.bind(ServerSocketChannelImpl.java:223)
	at sun.nio.ch.ServerSocketAdaptor.bind(ServerSocketAdaptor.java:74)
	at org.spark_project.jetty.server.ServerConnector.open(ServerConnector.java:321)
	at org.spark_project.jetty.server.AbstractNetworkConnector.doStart(AbstractNetworkConnector.java:80)
	at org.spark_project.jetty.server.ServerConnector.doStart(ServerConnector.java:236)
	at org.spark_project.jetty.util.component.AbstractLifeCycle.start(AbstractLifeCycle.java:68)
	at org.spark_project.jetty.server.Server.doStart(Server.java:366)
	at org.spark_project.jetty.util.component.AbstractLifeCycle.start(AbstractLifeCycle.java:68)
	at org.apache.spark.ui.JettyUtils$.org$apache$spark$ui$JettyUtils$$connect$1(JettyUtils.scala:306)
	at org.apache.spark.ui.JettyUtils$$anonfun$5.apply(JettyUtils.scala:316)
	at org.apache.spark.ui.JettyUtils$$anonfun$5.apply(JettyUtils.scala:316)
	at org.apache.spark.util.Utils$$anonfun$startServiceOnPort$1.apply$mcVI$sp(Utils.scala:2171)
	at scala.collection.immutable.Range.foreach$mVc$sp(Range.scala:160)
	at org.apache.spark.util.Utils$.startServiceOnPort(Utils.scala:2162)
	at org.apache.spark.ui.JettyUtils$.startJettyServer(JettyUtils.scala:316)
	at org.apache.spark.ui.WebUI.bind(WebUI.scala:139)
	at org.apache.spark.SparkContext$$anonfun$10.apply(SparkContext.scala:448)
	at org.apache.spark.SparkContext$$anonfun$10.apply(SparkContext.scala:448)
	at scala.Option.foreach(Option.scala:257)
	at org.apache.spark.SparkContext.<init>(SparkContext.scala:448)
	at org.apache.spark.api.java.JavaSparkContext.<init>(JavaSparkContext.scala:58)
	at WordCount.wordCount2(WordCount.java:117)
	at WordCount.main(WordCount.java:32)
[INFO]  [2018-05-17 14:08:49] [org.spark_project.jetty.server.ServerConnector]Stopped ServerConnector@150ab4ed{HTTP/1.1}{0.0.0.0:4041}
[INFO]  [2018-05-17 14:08:49] [org.spark_project.jetty.server.handler.ContextHandler]Stopped o.s.j.s.ServletContextHandler@6b9ce1bf{/stages/stage/kill,null,UNAVAILABLE}
[INFO]  [2018-05-17 14:08:49] [org.spark_project.jetty.server.handler.ContextHandler]Stopped o.s.j.s.ServletContextHandler@590c73d3{/api,null,UNAVAILABLE}
[INFO]  [2018-05-17 14:08:49] [org.spark_project.jetty.server.handler.ContextHandler]Stopped o.s.j.s.ServletContextHandler@14c01636{/,null,UNAVAILABLE}
[INFO]  [2018-05-17 14:08:49] [org.spark_project.jetty.server.handler.ContextHandler]Stopped o.s.j.s.ServletContextHandler@6f2cb653{/static,null,UNAVAILABLE}
[INFO]  [2018-05-17 14:08:49] [org.spark_project.jetty.server.handler.ContextHandler]Stopped o.s.j.s.ServletContextHandler@7a791b66{/executors/threadDump/json,null,UNAVAILABLE}
[INFO]  [2018-05-17 14:08:49] [org.spark_project.jetty.server.handler.ContextHandler]Stopped o.s.j.s.ServletContextHandler@40f1be1b{/executors/threadDump,null,UNAVAILABLE}
[INFO]  [2018-05-17 14:08:49] [org.spark_project.jetty.server.handler.ContextHandler]Stopped o.s.j.s.ServletContextHandler@4cc6fa2a{/executors/json,null,UNAVAILABLE}
[INFO]  [2018-05-17 14:08:49] [org.spark_project.jetty.server.handler.ContextHandler]Stopped o.s.j.s.ServletContextHandler@30d4b288{/executors,null,UNAVAILABLE}
[INFO]  [2018-05-17 14:08:49] [org.spark_project.jetty.server.handler.ContextHandler]Stopped o.s.j.s.ServletContextHandler@51cd7ffc{/environment/json,null,UNAVAILABLE}
[INFO]  [2018-05-17 14:08:49] [org.spark_project.jetty.server.handler.ContextHandler]Stopped o.s.j.s.ServletContextHandler@40499e4f{/environment,null,UNAVAILABLE}
[INFO]  [2018-05-17 14:08:49] [org.spark_project.jetty.server.handler.ContextHandler]Stopped o.s.j.s.ServletContextHandler@2fea7088{/storage/rdd/json,null,UNAVAILABLE}
[INFO]  [2018-05-17 14:08:49] [org.spark_project.jetty.server.handler.ContextHandler]Stopped o.s.j.s.ServletContextHandler@5c87bfe2{/storage/rdd,null,UNAVAILABLE}
[INFO]  [2018-05-17 14:08:49] [org.spark_project.jetty.server.handler.ContextHandler]Stopped o.s.j.s.ServletContextHandler@f73dcd6{/storage/json,null,UNAVAILABLE}
[INFO]  [2018-05-17 14:08:49] [org.spark_project.jetty.server.handler.ContextHandler]Stopped o.s.j.s.ServletContextHandler@6d304f9d{/storage,null,UNAVAILABLE}
[INFO]  [2018-05-17 14:08:49] [org.spark_project.jetty.server.handler.ContextHandler]Stopped o.s.j.s.ServletContextHandler@dcfda20{/stages/pool/json,null,UNAVAILABLE}
[INFO]  [2018-05-17 14:08:49] [org.spark_project.jetty.server.handler.ContextHandler]Stopped o.s.j.s.ServletContextHandler@a4b2d8f{/stages/pool,null,UNAVAILABLE}
[INFO]  [2018-05-17 14:08:49] [org.spark_project.jetty.server.handler.ContextHandler]Stopped o.s.j.s.ServletContextHandler@1fdfafd2{/stages/stage/json,null,UNAVAILABLE}
[INFO]  [2018-05-17 14:08:49] [org.spark_project.jetty.server.handler.ContextHandler]Stopped o.s.j.s.ServletContextHandler@5b07730f{/stages/stage,null,UNAVAILABLE}
[INFO]  [2018-05-17 14:08:49] [org.spark_project.jetty.server.handler.ContextHandler]Stopped o.s.j.s.ServletContextHandler@58ebfd03{/stages/json,null,UNAVAILABLE}
[INFO]  [2018-05-17 14:08:49] [org.spark_project.jetty.server.handler.ContextHandler]Stopped o.s.j.s.ServletContextHandler@1080b026{/stages,null,UNAVAILABLE}
[INFO]  [2018-05-17 14:08:49] [org.spark_project.jetty.server.handler.ContextHandler]Stopped o.s.j.s.ServletContextHandler@5b43fbf6{/jobs/job/json,null,UNAVAILABLE}
[INFO]  [2018-05-17 14:08:49] [org.spark_project.jetty.server.handler.ContextHandler]Stopped o.s.j.s.ServletContextHandler@4678a2eb{/jobs/job,null,UNAVAILABLE}
[INFO]  [2018-05-17 14:08:49] [org.spark_project.jetty.server.handler.ContextHandler]Stopped o.s.j.s.ServletContextHandler@41813449{/jobs/json,null,UNAVAILABLE}
[INFO]  [2018-05-17 14:08:49] [org.spark_project.jetty.server.handler.ContextHandler]Stopped o.s.j.s.ServletContextHandler@354fc8f0{/jobs,null,UNAVAILABLE}
[WARN]  [2018-05-17 14:08:49] [org.apache.spark.util.Utils]Service 'SparkUI' could not bind on port 4041. Attempting port 4042.
[INFO]  [2018-05-17 14:08:49] [org.spark_project.jetty.server.Server]jetty-9.2.z-SNAPSHOT
[INFO]  [2018-05-17 14:08:49] [org.spark_project.jetty.server.handler.ContextHandler]Started o.s.j.s.ServletContextHandler@354fc8f0{/jobs,null,AVAILABLE}
[INFO]  [2018-05-17 14:08:49] [org.spark_project.jetty.server.handler.ContextHandler]Started o.s.j.s.ServletContextHandler@41813449{/jobs/json,null,AVAILABLE}
[INFO]  [2018-05-17 14:08:49] [org.spark_project.jetty.server.handler.ContextHandler]Started o.s.j.s.ServletContextHandler@4678a2eb{/jobs/job,null,AVAILABLE}
[INFO]  [2018-05-17 14:08:49] [org.spark_project.jetty.server.handler.ContextHandler]Started o.s.j.s.ServletContextHandler@5b43fbf6{/jobs/job/json,null,AVAILABLE}
[INFO]  [2018-05-17 14:08:49] [org.spark_project.jetty.server.handler.ContextHandler]Started o.s.j.s.ServletContextHandler@1080b026{/stages,null,AVAILABLE}
[INFO]  [2018-05-17 14:08:49] [org.spark_project.jetty.server.handler.ContextHandler]Started o.s.j.s.ServletContextHandler@58ebfd03{/stages/json,null,AVAILABLE}
[INFO]  [2018-05-17 14:08:49] [org.spark_project.jetty.server.handler.ContextHandler]Started o.s.j.s.ServletContextHandler@5b07730f{/stages/stage,null,AVAILABLE}
[INFO]  [2018-05-17 14:08:49] [org.spark_project.jetty.server.handler.ContextHandler]Started o.s.j.s.ServletContextHandler@1fdfafd2{/stages/stage/json,null,AVAILABLE}
[INFO]  [2018-05-17 14:08:49] [org.spark_project.jetty.server.handler.ContextHandler]Started o.s.j.s.ServletContextHandler@a4b2d8f{/stages/pool,null,AVAILABLE}
[INFO]  [2018-05-17 14:08:49] [org.spark_project.jetty.server.handler.ContextHandler]Started o.s.j.s.ServletContextHandler@dcfda20{/stages/pool/json,null,AVAILABLE}
[INFO]  [2018-05-17 14:08:49] [org.spark_project.jetty.server.handler.ContextHandler]Started o.s.j.s.ServletContextHandler@6d304f9d{/storage,null,AVAILABLE}
[INFO]  [2018-05-17 14:08:49] [org.spark_project.jetty.server.handler.ContextHandler]Started o.s.j.s.ServletContextHandler@f73dcd6{/storage/json,null,AVAILABLE}
[INFO]  [2018-05-17 14:08:49] [org.spark_project.jetty.server.handler.ContextHandler]Started o.s.j.s.ServletContextHandler@5c87bfe2{/storage/rdd,null,AVAILABLE}
[INFO]  [2018-05-17 14:08:49] [org.spark_project.jetty.server.handler.ContextHandler]Started o.s.j.s.ServletContextHandler@2fea7088{/storage/rdd/json,null,AVAILABLE}
[INFO]  [2018-05-17 14:08:49] [org.spark_project.jetty.server.handler.ContextHandler]Started o.s.j.s.ServletContextHandler@40499e4f{/environment,null,AVAILABLE}
[INFO]  [2018-05-17 14:08:49] [org.spark_project.jetty.server.handler.ContextHandler]Started o.s.j.s.ServletContextHandler@51cd7ffc{/environment/json,null,AVAILABLE}
[INFO]  [2018-05-17 14:08:49] [org.spark_project.jetty.server.handler.ContextHandler]Started o.s.j.s.ServletContextHandler@30d4b288{/executors,null,AVAILABLE}
[INFO]  [2018-05-17 14:08:49] [org.spark_project.jetty.server.handler.ContextHandler]Started o.s.j.s.ServletContextHandler@4cc6fa2a{/executors/json,null,AVAILABLE}
[INFO]  [2018-05-17 14:08:49] [org.spark_project.jetty.server.handler.ContextHandler]Started o.s.j.s.ServletContextHandler@40f1be1b{/executors/threadDump,null,AVAILABLE}
[INFO]  [2018-05-17 14:08:49] [org.spark_project.jetty.server.handler.ContextHandler]Started o.s.j.s.ServletContextHandler@7a791b66{/executors/threadDump/json,null,AVAILABLE}
[INFO]  [2018-05-17 14:08:49] [org.spark_project.jetty.server.handler.ContextHandler]Started o.s.j.s.ServletContextHandler@6f2cb653{/static,null,AVAILABLE}
[INFO]  [2018-05-17 14:08:49] [org.spark_project.jetty.server.handler.ContextHandler]Started o.s.j.s.ServletContextHandler@14c01636{/,null,AVAILABLE}
[INFO]  [2018-05-17 14:08:49] [org.spark_project.jetty.server.handler.ContextHandler]Started o.s.j.s.ServletContextHandler@590c73d3{/api,null,AVAILABLE}
[INFO]  [2018-05-17 14:08:49] [org.spark_project.jetty.server.handler.ContextHandler]Started o.s.j.s.ServletContextHandler@6b9ce1bf{/stages/stage/kill,null,AVAILABLE}
[INFO]  [2018-05-17 14:08:49] [org.spark_project.jetty.server.ServerConnector]Started ServerConnector@3829ac1{HTTP/1.1}{0.0.0.0:4042}
[INFO]  [2018-05-17 14:08:49] [org.spark_project.jetty.server.Server]Started @4850ms
[INFO]  [2018-05-17 14:08:49] [org.apache.spark.util.Utils]Successfully started service 'SparkUI' on port 4042.
[INFO]  [2018-05-17 14:08:49] [org.apache.spark.ui.SparkUI]Bound SparkUI to 0.0.0.0, and started at http://172.18.42.247:4042
[INFO]  [2018-05-17 14:08:50] [org.apache.spark.executor.Executor]Starting executor ID driver on host localhost
[INFO]  [2018-05-17 14:08:50] [org.apache.spark.util.Utils]Successfully started service 'org.apache.spark.network.netty.NettyBlockTransferService' on port 57067.
[INFO]  [2018-05-17 14:08:50] [org.apache.spark.network.netty.NettyBlockTransferService]Server created on 172.18.42.247:57067
[INFO]  [2018-05-17 14:08:50] [org.apache.spark.storage.BlockManagerMaster]Registering BlockManager BlockManagerId(driver, 172.18.42.247, 57067)
[INFO]  [2018-05-17 14:08:50] [org.apache.spark.storage.BlockManagerMasterEndpoint]Registering block manager 172.18.42.247:57067 with 901.8 MB RAM, BlockManagerId(driver, 172.18.42.247, 57067)
[INFO]  [2018-05-17 14:08:50] [org.apache.spark.storage.BlockManagerMaster]Registered BlockManager BlockManagerId(driver, 172.18.42.247, 57067)
[INFO]  [2018-05-17 14:08:50] [org.spark_project.jetty.server.handler.ContextHandler]Started o.s.j.s.ServletContextHandler@3c8bdd5b{/metrics/json,null,AVAILABLE}
[INFO]  [2018-05-17 14:08:50] [org.apache.spark.storage.memory.MemoryStore]Block broadcast_0 stored as values in memory (estimated size 208.5 KB, free 901.6 MB)
[INFO]  [2018-05-17 14:08:51] [org.apache.spark.storage.memory.MemoryStore]Block broadcast_0_piece0 stored as bytes in memory (estimated size 20.0 KB, free 901.6 MB)
[INFO]  [2018-05-17 14:08:51] [org.apache.spark.storage.BlockManagerInfo]Added broadcast_0_piece0 in memory on 172.18.42.247:57067 (size: 20.0 KB, free: 901.8 MB)
[INFO]  [2018-05-17 14:08:51] [org.apache.spark.SparkContext]Created broadcast 0 from textFile at WordCount.java:119
[INFO]  [2018-05-17 14:08:51] [org.apache.hadoop.mapred.FileInputFormat]Total input paths to process : 1
[INFO]  [2018-05-17 14:08:51] [org.apache.spark.SparkContext]Starting job: collect at WordCount.java:128
[INFO]  [2018-05-17 14:08:51] [org.apache.spark.scheduler.DAGScheduler]Registering RDD 3 (mapToPair at WordCount.java:125)
[INFO]  [2018-05-17 14:08:51] [org.apache.spark.scheduler.DAGScheduler]Got job 0 (collect at WordCount.java:128) with 1 output partitions
[INFO]  [2018-05-17 14:08:51] [org.apache.spark.scheduler.DAGScheduler]Final stage: ResultStage 1 (collect at WordCount.java:128)
[INFO]  [2018-05-17 14:08:51] [org.apache.spark.scheduler.DAGScheduler]Parents of final stage: List(ShuffleMapStage 0)
[INFO]  [2018-05-17 14:08:51] [org.apache.spark.scheduler.DAGScheduler]Missing parents: List(ShuffleMapStage 0)
[INFO]  [2018-05-17 14:08:51] [org.apache.spark.scheduler.DAGScheduler]Submitting ShuffleMapStage 0 (MapPartitionsRDD[3] at mapToPair at WordCount.java:125), which has no missing parents
[INFO]  [2018-05-17 14:08:51] [org.apache.spark.storage.memory.MemoryStore]Block broadcast_1 stored as values in memory (estimated size 5.7 KB, free 901.6 MB)
[INFO]  [2018-05-17 14:08:51] [org.apache.spark.storage.memory.MemoryStore]Block broadcast_1_piece0 stored as bytes in memory (estimated size 3.2 KB, free 901.6 MB)
[INFO]  [2018-05-17 14:08:51] [org.apache.spark.storage.BlockManagerInfo]Added broadcast_1_piece0 in memory on 172.18.42.247:57067 (size: 3.2 KB, free: 901.8 MB)
[INFO]  [2018-05-17 14:08:51] [org.apache.spark.SparkContext]Created broadcast 1 from broadcast at DAGScheduler.scala:1012
[INFO]  [2018-05-17 14:08:51] [org.apache.spark.scheduler.DAGScheduler]Submitting 1 missing tasks from ShuffleMapStage 0 (MapPartitionsRDD[3] at mapToPair at WordCount.java:125)
[INFO]  [2018-05-17 14:08:51] [org.apache.spark.scheduler.TaskSchedulerImpl]Adding task set 0.0 with 1 tasks
[INFO]  [2018-05-17 14:08:51] [org.apache.spark.scheduler.TaskSetManager]Starting task 0.0 in stage 0.0 (TID 0, localhost, partition 0, PROCESS_LOCAL, 5374 bytes)
[INFO]  [2018-05-17 14:08:51] [org.apache.spark.executor.Executor]Running task 0.0 in stage 0.0 (TID 0)
[INFO]  [2018-05-17 14:08:51] [org.apache.spark.rdd.HadoopRDD]Input split: file:/D:/temp/word:0+441
[INFO]  [2018-05-17 14:08:51] [org.apache.hadoop.conf.Configuration.deprecation]mapred.tip.id is deprecated. Instead, use mapreduce.task.id
[INFO]  [2018-05-17 14:08:51] [org.apache.hadoop.conf.Configuration.deprecation]mapred.task.id is deprecated. Instead, use mapreduce.task.attempt.id
[INFO]  [2018-05-17 14:08:51] [org.apache.hadoop.conf.Configuration.deprecation]mapred.task.is.map is deprecated. Instead, use mapreduce.task.ismap
[INFO]  [2018-05-17 14:08:51] [org.apache.hadoop.conf.Configuration.deprecation]mapred.task.partition is deprecated. Instead, use mapreduce.task.partition
[INFO]  [2018-05-17 14:08:51] [org.apache.hadoop.conf.Configuration.deprecation]mapred.job.id is deprecated. Instead, use mapreduce.job.id
[INFO]  [2018-05-17 14:08:51] [org.apache.spark.executor.Executor]Finished task 0.0 in stage 0.0 (TID 0). 1648 bytes result sent to driver
[INFO]  [2018-05-17 14:08:51] [org.apache.spark.scheduler.TaskSetManager]Finished task 0.0 in stage 0.0 (TID 0) in 247 ms on localhost (1/1)
[INFO]  [2018-05-17 14:08:51] [org.apache.spark.scheduler.TaskSchedulerImpl]Removed TaskSet 0.0, whose tasks have all completed, from pool 
[INFO]  [2018-05-17 14:08:51] [org.apache.spark.scheduler.DAGScheduler]ShuffleMapStage 0 (mapToPair at WordCount.java:125) finished in 0.277 s
[INFO]  [2018-05-17 14:08:51] [org.apache.spark.scheduler.DAGScheduler]looking for newly runnable stages
[INFO]  [2018-05-17 14:08:51] [org.apache.spark.scheduler.DAGScheduler]running: Set()
[INFO]  [2018-05-17 14:08:51] [org.apache.spark.scheduler.DAGScheduler]waiting: Set(ResultStage 1)
[INFO]  [2018-05-17 14:08:51] [org.apache.spark.scheduler.DAGScheduler]failed: Set()
[INFO]  [2018-05-17 14:08:51] [org.apache.spark.scheduler.DAGScheduler]Submitting ResultStage 1 (ShuffledRDD[4] at reduceByKey at WordCount.java:126), which has no missing parents
[INFO]  [2018-05-17 14:08:51] [org.apache.spark.storage.memory.MemoryStore]Block broadcast_2 stored as values in memory (estimated size 3.6 KB, free 901.6 MB)
[INFO]  [2018-05-17 14:08:51] [org.apache.spark.storage.memory.MemoryStore]Block broadcast_2_piece0 stored as bytes in memory (estimated size 2.1 KB, free 901.6 MB)
[INFO]  [2018-05-17 14:08:51] [org.apache.spark.storage.BlockManagerInfo]Added broadcast_2_piece0 in memory on 172.18.42.247:57067 (size: 2.1 KB, free: 901.8 MB)
[INFO]  [2018-05-17 14:08:51] [org.apache.spark.SparkContext]Created broadcast 2 from broadcast at DAGScheduler.scala:1012
[INFO]  [2018-05-17 14:08:51] [org.apache.spark.scheduler.DAGScheduler]Submitting 1 missing tasks from ResultStage 1 (ShuffledRDD[4] at reduceByKey at WordCount.java:126)
[INFO]  [2018-05-17 14:08:51] [org.apache.spark.scheduler.TaskSchedulerImpl]Adding task set 1.0 with 1 tasks
[INFO]  [2018-05-17 14:08:51] [org.apache.spark.scheduler.TaskSetManager]Starting task 0.0 in stage 1.0 (TID 1, localhost, partition 0, ANY, 5169 bytes)
[INFO]  [2018-05-17 14:08:51] [org.apache.spark.executor.Executor]Running task 0.0 in stage 1.0 (TID 1)
[INFO]  [2018-05-17 14:08:51] [org.apache.spark.storage.ShuffleBlockFetcherIterator]Getting 1 non-empty blocks out of 1 blocks
[INFO]  [2018-05-17 14:08:51] [org.apache.spark.storage.ShuffleBlockFetcherIterator]Started 0 remote fetches in 5 ms
[INFO]  [2018-05-17 14:08:51] [org.apache.spark.executor.Executor]Finished task 0.0 in stage 1.0 (TID 1). 2677 bytes result sent to driver
[INFO]  [2018-05-17 14:08:51] [org.apache.spark.scheduler.TaskSetManager]Finished task 0.0 in stage 1.0 (TID 1) in 70 ms on localhost (1/1)
[INFO]  [2018-05-17 14:08:51] [org.apache.spark.scheduler.TaskSchedulerImpl]Removed TaskSet 1.0, whose tasks have all completed, from pool 
[INFO]  [2018-05-17 14:08:51] [org.apache.spark.scheduler.DAGScheduler]ResultStage 1 (collect at WordCount.java:128) finished in 0.070 s
[INFO]  [2018-05-17 14:08:51] [org.apache.spark.scheduler.DAGScheduler]Job 0 finished: collect at WordCount.java:128, took 0.579362 s
[INFO]  [2018-05-17 14:08:51] [org.spark_project.jetty.server.ServerConnector]Stopped ServerConnector@3829ac1{HTTP/1.1}{0.0.0.0:4042}
[INFO]  [2018-05-17 14:08:51] [org.spark_project.jetty.server.handler.ContextHandler]Stopped o.s.j.s.ServletContextHandler@6b9ce1bf{/stages/stage/kill,null,UNAVAILABLE}
[INFO]  [2018-05-17 14:08:51] [org.spark_project.jetty.server.handler.ContextHandler]Stopped o.s.j.s.ServletContextHandler@590c73d3{/api,null,UNAVAILABLE}
[INFO]  [2018-05-17 14:08:51] [org.spark_project.jetty.server.handler.ContextHandler]Stopped o.s.j.s.ServletContextHandler@14c01636{/,null,UNAVAILABLE}
[INFO]  [2018-05-17 14:08:51] [org.spark_project.jetty.server.handler.ContextHandler]Stopped o.s.j.s.ServletContextHandler@6f2cb653{/static,null,UNAVAILABLE}
[INFO]  [2018-05-17 14:08:51] [org.spark_project.jetty.server.handler.ContextHandler]Stopped o.s.j.s.ServletContextHandler@7a791b66{/executors/threadDump/json,null,UNAVAILABLE}
[INFO]  [2018-05-17 14:08:51] [org.spark_project.jetty.server.handler.ContextHandler]Stopped o.s.j.s.ServletContextHandler@40f1be1b{/executors/threadDump,null,UNAVAILABLE}
[INFO]  [2018-05-17 14:08:51] [org.spark_project.jetty.server.handler.ContextHandler]Stopped o.s.j.s.ServletContextHandler@4cc6fa2a{/executors/json,null,UNAVAILABLE}
[INFO]  [2018-05-17 14:08:51] [org.spark_project.jetty.server.handler.ContextHandler]Stopped o.s.j.s.ServletContextHandler@30d4b288{/executors,null,UNAVAILABLE}
[INFO]  [2018-05-17 14:08:51] [org.spark_project.jetty.server.handler.ContextHandler]Stopped o.s.j.s.ServletContextHandler@51cd7ffc{/environment/json,null,UNAVAILABLE}
[INFO]  [2018-05-17 14:08:51] [org.spark_project.jetty.server.handler.ContextHandler]Stopped o.s.j.s.ServletContextHandler@40499e4f{/environment,null,UNAVAILABLE}
[INFO]  [2018-05-17 14:08:51] [org.spark_project.jetty.server.handler.ContextHandler]Stopped o.s.j.s.ServletContextHandler@2fea7088{/storage/rdd/json,null,UNAVAILABLE}
[INFO]  [2018-05-17 14:08:51] [org.spark_project.jetty.server.handler.ContextHandler]Stopped o.s.j.s.ServletContextHandler@5c87bfe2{/storage/rdd,null,UNAVAILABLE}
[INFO]  [2018-05-17 14:08:51] [org.spark_project.jetty.server.handler.ContextHandler]Stopped o.s.j.s.ServletContextHandler@f73dcd6{/storage/json,null,UNAVAILABLE}
[INFO]  [2018-05-17 14:08:51] [org.spark_project.jetty.server.handler.ContextHandler]Stopped o.s.j.s.ServletContextHandler@6d304f9d{/storage,null,UNAVAILABLE}
[INFO]  [2018-05-17 14:08:51] [org.spark_project.jetty.server.handler.ContextHandler]Stopped o.s.j.s.ServletContextHandler@dcfda20{/stages/pool/json,null,UNAVAILABLE}
[INFO]  [2018-05-17 14:08:51] [org.spark_project.jetty.server.handler.ContextHandler]Stopped o.s.j.s.ServletContextHandler@a4b2d8f{/stages/pool,null,UNAVAILABLE}
[INFO]  [2018-05-17 14:08:51] [org.spark_project.jetty.server.handler.ContextHandler]Stopped o.s.j.s.ServletContextHandler@1fdfafd2{/stages/stage/json,null,UNAVAILABLE}
[INFO]  [2018-05-17 14:08:51] [org.spark_project.jetty.server.handler.ContextHandler]Stopped o.s.j.s.ServletContextHandler@5b07730f{/stages/stage,null,UNAVAILABLE}
[INFO]  [2018-05-17 14:08:51] [org.spark_project.jetty.server.handler.ContextHandler]Stopped o.s.j.s.ServletContextHandler@58ebfd03{/stages/json,null,UNAVAILABLE}
[INFO]  [2018-05-17 14:08:51] [org.spark_project.jetty.server.handler.ContextHandler]Stopped o.s.j.s.ServletContextHandler@1080b026{/stages,null,UNAVAILABLE}
[INFO]  [2018-05-17 14:08:51] [org.spark_project.jetty.server.handler.ContextHandler]Stopped o.s.j.s.ServletContextHandler@5b43fbf6{/jobs/job/json,null,UNAVAILABLE}
[INFO]  [2018-05-17 14:08:51] [org.spark_project.jetty.server.handler.ContextHandler]Stopped o.s.j.s.ServletContextHandler@4678a2eb{/jobs/job,null,UNAVAILABLE}
[INFO]  [2018-05-17 14:08:51] [org.spark_project.jetty.server.handler.ContextHandler]Stopped o.s.j.s.ServletContextHandler@41813449{/jobs/json,null,UNAVAILABLE}
[INFO]  [2018-05-17 14:08:51] [org.spark_project.jetty.server.handler.ContextHandler]Stopped o.s.j.s.ServletContextHandler@354fc8f0{/jobs,null,UNAVAILABLE}
[INFO]  [2018-05-17 14:08:51] [org.apache.spark.ui.SparkUI]Stopped Spark web UI at http://172.18.42.247:4042
[INFO]  [2018-05-17 14:08:51] [org.apache.spark.MapOutputTrackerMasterEndpoint]MapOutputTrackerMasterEndpoint stopped!
[INFO]  [2018-05-17 14:08:51] [org.apache.spark.storage.memory.MemoryStore]MemoryStore cleared
[INFO]  [2018-05-17 14:08:51] [org.apache.spark.storage.BlockManager]BlockManager stopped
[INFO]  [2018-05-17 14:08:51] [org.apache.spark.storage.BlockManagerMaster]BlockManagerMaster stopped
[INFO]  [2018-05-17 14:08:51] [org.apache.spark.scheduler.OutputCommitCoordinator$OutputCommitCoordinatorEndpoint]OutputCommitCoordinator stopped!
[INFO]  [2018-05-17 14:08:51] [org.apache.spark.SparkContext]Successfully stopped SparkContext
[INFO]  [2018-05-17 14:08:51] [org.apache.spark.util.ShutdownHookManager]Shutdown hook called
[INFO]  [2018-05-17 14:08:51] [org.apache.spark.util.ShutdownHookManager]Deleting directory C:\Users\Bruin\AppData\Local\Temp\spark-56f968f8-296c-4882-8c9b-77046f04a764
